<?xml version="1.0" encoding="UTF-8"?>
<!-- Generated by org.testng.reporters.JUnitReportReporter -->
<testsuite hostname="DESKTOP-E1CUM6Q" failures="0" tests="2" name="com.PracRest.Test01Get" time="2.257" errors="0" timestamp="2020-11-09T16:56:22 BOT" skipped="0">
  <testcase classname="com.PracRest.Test01Get" name="test_01" time="1.605"/>
  <system-out/>
  <testcase classname="com.PracRest.Test01Get" name="test_02" time="0.652"/>
  <system-out/>
</testsuite> <!-- com.PracRest.Test01Get -->
