<?xml version="1.0" encoding="UTF-8"?>
<!-- Generated by org.testng.reporters.JUnitReportReporter -->
<testsuite hostname="DESKTOP-E1CUM6Q" failures="0" tests="2" name="Test05PATCH" time="2.237" errors="0" timestamp="2020-11-08T03:35:07 BOT" skipped="0">
  <testcase classname="Test05PATCH" name="test02forPatch" time="0.025"/>
  <system-out/>
  <testcase classname="Test05PATCH" name="Test01forPatch" time="2.212"/>
  <system-out/>
</testsuite> <!-- Test05PATCH -->
