<?xml version="1.0" encoding="UTF-8"?>
<!-- Generated by org.testng.reporters.JUnitReportReporter -->
<testsuite hostname="DESKTOP-E1CUM6Q" failures="0" tests="2" name="Test01Get" time="2.768" errors="0" timestamp="2020-11-08T01:08:43 BOT" skipped="0">
  <testcase classname="Test01Get" name="test_01" time="2.130"/>
  <system-out/>
  <testcase classname="Test01Get" name="test_02" time="0.638"/>
  <system-out/>
</testsuite> <!-- Test01Get -->
