<?xml version="1.0" encoding="UTF-8"?>
<!-- Generated by org.testng.reporters.JUnitReportReporter -->
<testsuite hostname="DESKTOP-E1CUM6Q" failures="0" tests="2" name="Test03POST" time="2.274" errors="0" timestamp="2020-11-08T03:36:20 BOT" skipped="0">
  <testcase classname="Test03POST" name="Test01forPost" time="2.248"/>
  <system-out/>
  <testcase classname="Test03POST" name="test02forPost" time="0.026"/>
  <system-out/>
</testsuite> <!-- Test03POST -->
