<?xml version="1.0" encoding="UTF-8"?>
<!-- Generated by org.testng.reporters.JUnitReportReporter -->
<testsuite hostname="DESKTOP-E1CUM6Q" failures="0" tests="2" name="Test04PUT" time="2.297" errors="0" timestamp="2020-11-08T03:35:21 BOT" skipped="0">
  <testcase classname="Test04PUT" name="Test01forPut" time="2.268"/>
  <system-out/>
  <testcase classname="Test04PUT" name="test02forPut" time="0.029"/>
  <system-out/>
</testsuite> <!-- Test04PUT -->
