<?xml version="1.0" encoding="UTF-8"?>
<!-- Generated by org.testng.reporters.JUnitReportReporter -->
<testsuite hostname="DESKTOP-E1CUM6Q" failures="0" tests="2" name="Test06DELETE" time="2.153" errors="0" timestamp="2020-11-08T03:36:38 BOT" skipped="0">
  <testcase classname="Test06DELETE" name="Test02forDelete" time="0.073"/>
  <system-out/>
  <testcase classname="Test06DELETE" name="Test01forDelete" time="2.080"/>
  <system-out/>
</testsuite> <!-- Test06DELETE -->
