<?xml version="1.0" encoding="UTF-8"?>
<!-- Generated by org.testng.reporters.JUnitReportReporter -->
<testsuite hostname="DESKTOP-E1CUM6Q" failures="0" tests="3" name="Test02Get" time="2.362" errors="0" timestamp="2020-11-08T03:01:23 BOT" skipped="0">
  <testcase classname="Test02Get" name="test03forGet" time="0.021"/>
  <system-out/>
  <testcase classname="Test02Get" name="test01forGet" time="2.279"/>
  <system-out/>
  <testcase classname="Test02Get" name="test02forGet" time="0.062"/>
  <system-out/>
</testsuite> <!-- Test02Get -->
